{"contracts/core/EscrowManager.sol":{"l":{"68":2,"69":2,"73":6,"74":6,"78":19,"79":19,"83":19,"84":19,"90":19,"91":19,"104":0,"113":20,"114":19,"115":18,"116":17,"117":17,"119":17,"120":16,"122":16,"123":16,"125":16,"138":16,"140":16,"142":16,"143":16,"152":2,"153":1,"154":1,"167":6,"168":6,"169":6,"170":6,"179":2,"180":1,"181":1,"195":7,"196":7,"200":7,"204":6,"209":6,"212":6,"213":6,"216":6,"227":2,"229":2,"230":0,"232":1,"234":1,"241":2,"242":2,"244":2,"245":2,"247":2,"248":2,"250":2,"254":1,"255":1,"256":1,"257":1,"261":1,"262":1,"264":1,"265":1,"266":1,"267":1,"269":1,"270":1,"271":1,"273":1,"283":0,"284":0},"path":"/Users/ducky08/Desktop/ecomBLC/payment-hub/packages/contracts/contracts/core/EscrowManager.sol","s":{"1":2,"2":6,"3":19,"4":19,"5":0,"6":20,"7":19,"8":18,"9":17,"10":17,"11":17,"12":16,"13":16,"14":16,"15":16,"16":16,"17":16,"18":2,"19":1,"20":1,"21":6,"22":6,"23":2,"24":1,"25":1,"26":7,"27":7,"28":7,"29":6,"30":6,"31":6,"32":6,"33":2,"34":2,"35":0,"36":2,"37":1,"38":1,"39":2,"40":2,"41":2,"42":2,"43":2,"44":2,"45":2,"46":1,"47":1,"48":1,"49":1,"50":1,"51":1,"52":1,"53":1,"54":1,"55":1,"56":1,"57":1,"58":1,"59":0},"b":{"1":[2,0],"2":[6,0],"3":[19,0],"4":[19,0],"5":[0,0],"6":[20,0],"7":[19,1],"8":[18,1],"9":[17,1],"10":[17,0],"11":[17,0],"12":[16,1],"13":[2,0],"14":[2,0],"15":[2,0],"16":[1,1],"17":[6,0],"18":[6,0],"19":[6,0],"20":[6,0],"21":[2,0],"22":[2,0],"23":[2,0],"24":[1,1],"25":[7,0],"26":[7,0],"27":[7,0],"28":[7,0],"29":[6,1],"30":[5,1],"31":[6,0],"32":[6,0],"33":[2,0],"34":[2,0],"35":[2,0],"36":[2,0],"37":[2,0],"38":[0,2],"39":[1,1],"40":[2,0],"41":[1,0],"42":[19,0],"43":[0,0],"44":[19,0],"45":[19,0],"46":[0,0],"47":[0,0],"48":[0,0]},"f":{"1":2,"2":6,"3":19,"4":19,"5":19,"6":0,"7":20,"8":2,"9":6,"10":2,"11":7,"12":2,"13":2,"14":1,"15":1,"16":19,"17":0,"18":19,"19":19,"20":0,"21":0},"fnMap":{"1":{"name":"onlyDisputeContract","line":67,"loc":{"start":{"line":67,"column":4},"end":{"line":70,"column":4}}},"2":{"name":"onlyOracle","line":72,"loc":{"start":{"line":72,"column":4},"end":{"line":75,"column":4}}},"3":{"name":"escrowExists","line":77,"loc":{"start":{"line":77,"column":4},"end":{"line":80,"column":4}}},"4":{"name":"inState","line":82,"loc":{"start":{"line":82,"column":4},"end":{"line":85,"column":4}}},"5":{"name":"constructor","line":89,"loc":{"start":{"line":89,"column":4},"end":{"line":92,"column":4}}},"6":{"name":"getEscrowParties","line":101,"loc":{"start":{"line":99,"column":4},"end":{"line":105,"column":4}}},"7":{"name":"lockEscrow","line":112,"loc":{"start":{"line":109,"column":4},"end":{"line":144,"column":4}}},"8":{"name":"confirmDelivery","line":150,"loc":{"start":{"line":146,"column":4},"end":{"line":155,"column":4}}},"9":{"name":"confirmDeliveryByOracle","line":165,"loc":{"start":{"line":160,"column":4},"end":{"line":171,"column":4}}},"10":{"name":"triggerAutoRelease","line":177,"loc":{"start":{"line":173,"column":4},"end":{"line":182,"column":4}}},"11":{"name":"openDispute","line":193,"loc":{"start":{"line":189,"column":4},"end":{"line":217,"column":4}}},"12":{"name":"executeDisputeRuling","line":225,"loc":{"start":{"line":220,"column":4},"end":{"line":236,"column":4}}},"13":{"name":"_releaseToSeller","line":240,"loc":{"start":{"line":240,"column":4},"end":{"line":251,"column":4}}},"14":{"name":"_refundToCustomer","line":253,"loc":{"start":{"line":253,"column":4},"end":{"line":258,"column":4}}},"15":{"name":"_partialRelease","line":260,"loc":{"start":{"line":260,"column":4},"end":{"line":274,"column":4}}},"16":{"name":"addAcceptedToken","line":277,"loc":{"start":{"line":277,"column":4},"end":{"line":277,"column":102}}},"17":{"name":"removeAcceptedToken","line":278,"loc":{"start":{"line":278,"column":4},"end":{"line":278,"column":103}}},"18":{"name":"setDisputeContract","line":279,"loc":{"start":{"line":279,"column":4},"end":{"line":279,"column":100}}},"19":{"name":"setOracleAggregator","line":280,"loc":{"start":{"line":280,"column":4},"end":{"line":280,"column":100}}},"20":{"name":"setPlatformTreasury","line":281,"loc":{"start":{"line":281,"column":4},"end":{"line":281,"column":103}}},"21":{"name":"setFeeRate","line":282,"loc":{"start":{"line":282,"column":4},"end":{"line":285,"column":4}}}},"statementMap":{"1":{"start":{"line":68,"column":8},"end":{"line":68,"column":78}},"2":{"start":{"line":73,"column":8},"end":{"line":73,"column":69}},"3":{"start":{"line":78,"column":8},"end":{"line":78,"column":63}},"4":{"start":{"line":83,"column":8},"end":{"line":83,"column":80}},"5":{"start":{"line":104,"column":8},"end":{"line":104,"column":69}},"6":{"start":{"line":113,"column":8},"end":{"line":113,"column":75}},"7":{"start":{"line":114,"column":8},"end":{"line":114,"column":78}},"8":{"start":{"line":115,"column":8},"end":{"line":115,"column":77}},"9":{"start":{"line":116,"column":8},"end":{"line":116,"column":57}},"10":{"start":{"line":117,"column":8},"end":{"line":117,"column":74}},"11":{"start":{"line":119,"column":8},"end":{"line":119,"column":106}},"12":{"start":{"line":120,"column":8},"end":{"line":120,"column":60}},"13":{"start":{"line":122,"column":8},"end":{"line":122,"column":42}},"14":{"start":{"line":123,"column":8},"end":{"line":123,"column":87}},"15":{"start":{"line":140,"column":8},"end":{"line":140,"column":88}},"16":{"start":{"line":142,"column":8},"end":{"line":142,"column":110}},"17":{"start":{"line":143,"column":8},"end":{"line":143,"column":67}},"18":{"start":{"line":152,"column":8},"end":{"line":152,"column":80}},"19":{"start":{"line":153,"column":8},"end":{"line":153,"column":54}},"20":{"start":{"line":154,"column":8},"end":{"line":154,"column":51}},"21":{"start":{"line":167,"column":8},"end":{"line":167,"column":43}},"22":{"start":{"line":170,"column":8},"end":{"line":170,"column":51}},"23":{"start":{"line":179,"column":8},"end":{"line":179,"column":103}},"24":{"start":{"line":180,"column":8},"end":{"line":180,"column":59}},"25":{"start":{"line":181,"column":8},"end":{"line":181,"column":40}},"26":{"start":{"line":195,"column":8},"end":{"line":195,"column":43}},"27":{"start":{"line":196,"column":8},"end":{"line":196,"column":65}},"28":{"start":{"line":200,"column":8},"end":{"line":200,"column":7833}},"29":{"start":{"line":204,"column":8},"end":{"line":204,"column":7991}},"30":{"start":{"line":212,"column":8},"end":{"line":212,"column":8282}},"31":{"start":{"line":213,"column":12},"end":{"line":213,"column":81}},"32":{"start":{"line":216,"column":8},"end":{"line":216,"column":48}},"33":{"start":{"line":227,"column":8},"end":{"line":227,"column":74}},"34":{"start":{"line":229,"column":8},"end":{"line":229,"column":8866}},"35":{"start":{"line":230,"column":12},"end":{"line":230,"column":58}},"36":{"start":{"line":231,"column":15},"end":{"line":231,"column":8976}},"37":{"start":{"line":232,"column":12},"end":{"line":232,"column":37}},"38":{"start":{"line":234,"column":12},"end":{"line":234,"column":54}},"39":{"start":{"line":241,"column":8},"end":{"line":241,"column":43}},"40":{"start":{"line":244,"column":8},"end":{"line":244,"column":60}},"41":{"start":{"line":245,"column":8},"end":{"line":245,"column":45}},"42":{"start":{"line":247,"column":8},"end":{"line":247,"column":61}},"43":{"start":{"line":248,"column":8},"end":{"line":248,"column":72}},"44":{"start":{"line":248,"column":21},"end":{"line":248,"column":71}},"45":{"start":{"line":250,"column":8},"end":{"line":250,"column":55}},"46":{"start":{"line":254,"column":8},"end":{"line":254,"column":43}},"47":{"start":{"line":256,"column":8},"end":{"line":256,"column":57}},"48":{"start":{"line":257,"column":8},"end":{"line":257,"column":46}},"49":{"start":{"line":261,"column":8},"end":{"line":261,"column":43}},"50":{"start":{"line":264,"column":8},"end":{"line":264,"column":71}},"51":{"start":{"line":265,"column":8},"end":{"line":265,"column":55}},"52":{"start":{"line":266,"column":8},"end":{"line":266,"column":74}},"53":{"start":{"line":267,"column":8},"end":{"line":267,"column":50}},"54":{"start":{"line":269,"column":8},"end":{"line":269,"column":58}},"55":{"start":{"line":270,"column":8},"end":{"line":270,"column":63}},"56":{"start":{"line":271,"column":8},"end":{"line":271,"column":72}},"57":{"start":{"line":271,"column":21},"end":{"line":271,"column":71}},"58":{"start":{"line":273,"column":8},"end":{"line":273,"column":68}},"59":{"start":{"line":283,"column":8},"end":{"line":283,"column":56}}},"branchMap":{"1":{"line":68,"type":"if","locations":[{"start":{"line":68,"column":8},"end":{"line":68,"column":8}},{"start":{"line":68,"column":8},"end":{"line":68,"column":8}}]},"2":{"line":73,"type":"if","locations":[{"start":{"line":73,"column":8},"end":{"line":73,"column":8}},{"start":{"line":73,"column":8},"end":{"line":73,"column":8}}]},"3":{"line":78,"type":"if","locations":[{"start":{"line":78,"column":8},"end":{"line":78,"column":8}},{"start":{"line":78,"column":8},"end":{"line":78,"column":8}}]},"4":{"line":83,"type":"if","locations":[{"start":{"line":83,"column":8},"end":{"line":83,"column":8}},{"start":{"line":83,"column":8},"end":{"line":83,"column":8}}]},"5":{"line":101,"type":"if","locations":[{"start":{"line":101,"column":8},"end":{"line":101,"column":8}},{"start":{"line":101,"column":8},"end":{"line":101,"column":8}}]},"6":{"line":112,"type":"if","locations":[{"start":{"line":112,"column":15},"end":{"line":112,"column":15}},{"start":{"line":112,"column":15},"end":{"line":112,"column":15}}]},"7":{"line":113,"type":"if","locations":[{"start":{"line":113,"column":8},"end":{"line":113,"column":8}},{"start":{"line":113,"column":8},"end":{"line":113,"column":8}}]},"8":{"line":114,"type":"if","locations":[{"start":{"line":114,"column":8},"end":{"line":114,"column":8}},{"start":{"line":114,"column":8},"end":{"line":114,"column":8}}]},"9":{"line":115,"type":"if","locations":[{"start":{"line":115,"column":8},"end":{"line":115,"column":8}},{"start":{"line":115,"column":8},"end":{"line":115,"column":8}}]},"10":{"line":116,"type":"if","locations":[{"start":{"line":116,"column":8},"end":{"line":116,"column":8}},{"start":{"line":116,"column":8},"end":{"line":116,"column":8}}]},"11":{"line":117,"type":"if","locations":[{"start":{"line":117,"column":8},"end":{"line":117,"column":8}},{"start":{"line":117,"column":8},"end":{"line":117,"column":8}}]},"12":{"line":119,"type":"if","locations":[{"start":{"line":119,"column":8},"end":{"line":119,"column":8}},{"start":{"line":119,"column":8},"end":{"line":119,"column":8}}]},"13":{"line":148,"type":"if","locations":[{"start":{"line":148,"column":8},"end":{"line":148,"column":8}},{"start":{"line":148,"column":8},"end":{"line":148,"column":8}}]},"14":{"line":149,"type":"if","locations":[{"start":{"line":149,"column":8},"end":{"line":149,"column":8}},{"start":{"line":149,"column":8},"end":{"line":149,"column":8}}]},"15":{"line":150,"type":"if","locations":[{"start":{"line":150,"column":8},"end":{"line":150,"column":8}},{"start":{"line":150,"column":8},"end":{"line":150,"column":8}}]},"16":{"line":152,"type":"if","locations":[{"start":{"line":152,"column":8},"end":{"line":152,"column":8}},{"start":{"line":152,"column":8},"end":{"line":152,"column":8}}]},"17":{"line":162,"type":"if","locations":[{"start":{"line":162,"column":8},"end":{"line":162,"column":8}},{"start":{"line":162,"column":8},"end":{"line":162,"column":8}}]},"18":{"line":163,"type":"if","locations":[{"start":{"line":163,"column":8},"end":{"line":163,"column":8}},{"start":{"line":163,"column":8},"end":{"line":163,"column":8}}]},"19":{"line":164,"type":"if","locations":[{"start":{"line":164,"column":8},"end":{"line":164,"column":8}},{"start":{"line":164,"column":8},"end":{"line":164,"column":8}}]},"20":{"line":165,"type":"if","locations":[{"start":{"line":165,"column":8},"end":{"line":165,"column":8}},{"start":{"line":165,"column":8},"end":{"line":165,"column":8}}]},"21":{"line":175,"type":"if","locations":[{"start":{"line":175,"column":8},"end":{"line":175,"column":8}},{"start":{"line":175,"column":8},"end":{"line":175,"column":8}}]},"22":{"line":176,"type":"if","locations":[{"start":{"line":176,"column":8},"end":{"line":176,"column":8}},{"start":{"line":176,"column":8},"end":{"line":176,"column":8}}]},"23":{"line":177,"type":"if","locations":[{"start":{"line":177,"column":8},"end":{"line":177,"column":8}},{"start":{"line":177,"column":8},"end":{"line":177,"column":8}}]},"24":{"line":179,"type":"if","locations":[{"start":{"line":179,"column":8},"end":{"line":179,"column":8}},{"start":{"line":179,"column":8},"end":{"line":179,"column":8}}]},"25":{"line":191,"type":"if","locations":[{"start":{"line":191,"column":8},"end":{"line":191,"column":8}},{"start":{"line":191,"column":8},"end":{"line":191,"column":8}}]},"26":{"line":192,"type":"if","locations":[{"start":{"line":192,"column":8},"end":{"line":192,"column":8}},{"start":{"line":192,"column":8},"end":{"line":192,"column":8}}]},"27":{"line":193,"type":"if","locations":[{"start":{"line":193,"column":8},"end":{"line":193,"column":8}},{"start":{"line":193,"column":8},"end":{"line":193,"column":8}}]},"28":{"line":196,"type":"if","locations":[{"start":{"line":196,"column":8},"end":{"line":196,"column":8}},{"start":{"line":196,"column":8},"end":{"line":196,"column":8}}]},"29":{"line":200,"type":"if","locations":[{"start":{"line":200,"column":8},"end":{"line":200,"column":8}},{"start":{"line":200,"column":8},"end":{"line":200,"column":8}}]},"30":{"line":201,"type":"cond-expr","locations":[{"start":{"line":201,"column":12},"end":{"line":201,"column":28}},{"start":{"line":201,"column":33},"end":{"line":201,"column":84}}]},"31":{"line":204,"type":"if","locations":[{"start":{"line":204,"column":8},"end":{"line":204,"column":8}},{"start":{"line":204,"column":8},"end":{"line":204,"column":8}}]},"32":{"line":212,"type":"if","locations":[{"start":{"line":212,"column":8},"end":{"line":212,"column":8}},{"start":{"line":212,"column":8},"end":{"line":212,"column":8}}]},"33":{"line":222,"type":"if","locations":[{"start":{"line":222,"column":8},"end":{"line":222,"column":8}},{"start":{"line":222,"column":8},"end":{"line":222,"column":8}}]},"34":{"line":223,"type":"if","locations":[{"start":{"line":223,"column":8},"end":{"line":223,"column":8}},{"start":{"line":223,"column":8},"end":{"line":223,"column":8}}]},"35":{"line":224,"type":"if","locations":[{"start":{"line":224,"column":8},"end":{"line":224,"column":8}},{"start":{"line":224,"column":8},"end":{"line":224,"column":8}}]},"36":{"line":225,"type":"if","locations":[{"start":{"line":225,"column":8},"end":{"line":225,"column":8}},{"start":{"line":225,"column":8},"end":{"line":225,"column":8}}]},"37":{"line":227,"type":"if","locations":[{"start":{"line":227,"column":8},"end":{"line":227,"column":8}},{"start":{"line":227,"column":8},"end":{"line":227,"column":8}}]},"38":{"line":229,"type":"if","locations":[{"start":{"line":229,"column":8},"end":{"line":229,"column":8}},{"start":{"line":229,"column":8},"end":{"line":229,"column":8}}]},"39":{"line":231,"type":"if","locations":[{"start":{"line":231,"column":15},"end":{"line":231,"column":15}},{"start":{"line":231,"column":15},"end":{"line":231,"column":15}}]},"40":{"line":248,"type":"if","locations":[{"start":{"line":248,"column":8},"end":{"line":248,"column":8}},{"start":{"line":248,"column":8},"end":{"line":248,"column":8}}]},"41":{"line":271,"type":"if","locations":[{"start":{"line":271,"column":8},"end":{"line":271,"column":8}},{"start":{"line":271,"column":8},"end":{"line":271,"column":8}}]},"42":{"line":277,"type":"if","locations":[{"start":{"line":277,"column":60},"end":{"line":277,"column":60}},{"start":{"line":277,"column":60},"end":{"line":277,"column":60}}]},"43":{"line":278,"type":"if","locations":[{"start":{"line":278,"column":60},"end":{"line":278,"column":60}},{"start":{"line":278,"column":60},"end":{"line":278,"column":60}}]},"44":{"line":279,"type":"if","locations":[{"start":{"line":279,"column":60},"end":{"line":279,"column":60}},{"start":{"line":279,"column":60},"end":{"line":279,"column":60}}]},"45":{"line":280,"type":"if","locations":[{"start":{"line":280,"column":60},"end":{"line":280,"column":60}},{"start":{"line":280,"column":60},"end":{"line":280,"column":60}}]},"46":{"line":281,"type":"if","locations":[{"start":{"line":281,"column":61},"end":{"line":281,"column":61}},{"start":{"line":281,"column":61},"end":{"line":281,"column":61}}]},"47":{"line":282,"type":"if","locations":[{"start":{"line":282,"column":51},"end":{"line":282,"column":51}},{"start":{"line":282,"column":51},"end":{"line":282,"column":51}}]},"48":{"line":283,"type":"if","locations":[{"start":{"line":283,"column":8},"end":{"line":283,"column":8}},{"start":{"line":283,"column":8},"end":{"line":283,"column":8}}]}}},"contracts/core/NonceManager.sol":{"l":{"11":0,"15":0,"19":16,"20":16,"21":16,"22":16},"path":"/Users/ducky08/Desktop/ecomBLC/payment-hub/packages/contracts/contracts/core/NonceManager.sol","s":{"1":0,"2":0,"3":16,"4":16},"b":{"1":[16,0]},"f":{"1":0,"2":0,"3":16},"fnMap":{"1":{"name":"currentNonce","line":10,"loc":{"start":{"line":10,"column":4},"end":{"line":12,"column":4}}},"2":{"name":"isNonceUsed","line":14,"loc":{"start":{"line":14,"column":4},"end":{"line":16,"column":4}}},"3":{"name":"_validateAndUseNonce","line":18,"loc":{"start":{"line":18,"column":4},"end":{"line":23,"column":4}}}},"statementMap":{"1":{"start":{"line":11,"column":8},"end":{"line":11,"column":32}},"2":{"start":{"line":15,"column":8},"end":{"line":15,"column":43}},"3":{"start":{"line":19,"column":8},"end":{"line":19,"column":81}},"4":{"start":{"line":22,"column":8},"end":{"line":22,"column":39}}},"branchMap":{"1":{"line":19,"type":"if","locations":[{"start":{"line":19,"column":8},"end":{"line":19,"column":8}},{"start":{"line":19,"column":8},"end":{"line":19,"column":8}}]}}},"contracts/core/SignatureVerifier.sol":{"l":{"39":17,"55":17,"58":17,"59":17,"65":1,"66":1,"67":1,"68":1,"70":0,"71":0,"73":0},"path":"/Users/ducky08/Desktop/ecomBLC/payment-hub/packages/contracts/contracts/core/SignatureVerifier.sol","s":{"1":17,"2":17,"3":17,"4":17,"5":16,"6":1,"7":1,"8":1,"9":1,"10":0,"11":0,"12":0},"b":{"1":[16,1],"2":[1,0]},"f":{"1":19,"2":17,"3":17},"fnMap":{"1":{"name":"constructor","line":36,"loc":{"start":{"line":36,"column":4},"end":{"line":36,"column":55}}},"2":{"name":"hashPayload","line":38,"loc":{"start":{"line":38,"column":4},"end":{"line":49,"column":4}}},"3":{"name":"_verifyMerchantSignature","line":51,"loc":{"start":{"line":51,"column":4},"end":{"line":75,"column":4}}}},"statementMap":{"1":{"start":{"line":39,"column":8},"end":{"line":39,"column":1589}},"2":{"start":{"line":55,"column":8},"end":{"line":55,"column":43}},"3":{"start":{"line":58,"column":8},"end":{"line":58,"column":58}},"4":{"start":{"line":59,"column":8},"end":{"line":59,"column":54}},"5":{"start":{"line":59,"column":43},"end":{"line":59,"column":54}},"6":{"start":{"line":65,"column":8},"end":{"line":65,"column":43}},"7":{"start":{"line":66,"column":8},"end":{"line":66,"column":24}},"8":{"start":{"line":68,"column":8},"end":{"line":68,"column":39}},"9":{"start":{"line":68,"column":27},"end":{"line":68,"column":39}},"10":{"start":{"line":70,"column":8},"end":{"line":70,"column":2694}},"11":{"start":{"line":71,"column":12},"end":{"line":71,"column":41}},"12":{"start":{"line":73,"column":12},"end":{"line":73,"column":24}}},"branchMap":{"1":{"line":59,"type":"if","locations":[{"start":{"line":59,"column":8},"end":{"line":59,"column":8}},{"start":{"line":59,"column":8},"end":{"line":59,"column":8}}]},"2":{"line":68,"type":"if","locations":[{"start":{"line":68,"column":8},"end":{"line":68,"column":8}},{"start":{"line":68,"column":8},"end":{"line":68,"column":8}}]}}},"contracts/interfaces/IDisputeResolution.sol":{"l":{},"path":"/Users/ducky08/Desktop/ecomBLC/payment-hub/packages/contracts/contracts/interfaces/IDisputeResolution.sol","s":{},"b":{},"f":{},"fnMap":{},"statementMap":{},"branchMap":{}},"contracts/interfaces/IEscrow.sol":{"l":{},"path":"/Users/ducky08/Desktop/ecomBLC/payment-hub/packages/contracts/contracts/interfaces/IEscrow.sol","s":{},"b":{},"f":{},"fnMap":{},"statementMap":{},"branchMap":{}},"contracts/l1/SettlementContract.sol":{"l":{"25":0,"26":0,"30":0,"38":0,"39":0,"45":0,"53":0,"54":0,"62":0,"63":0,"64":0,"68":0,"74":0,"75":0},"path":"/Users/ducky08/Desktop/ecomBLC/payment-hub/packages/contracts/contracts/l1/SettlementContract.sol","s":{"1":0,"2":0,"3":0,"4":0,"5":0,"6":0,"7":0,"8":0,"9":0,"10":0},"b":{"1":[0,0],"2":[0,0],"3":[0,0],"4":[0,0],"5":[0,0],"6":[0,0]},"f":{"1":0,"2":0,"3":0,"4":0,"5":0,"6":0,"7":0},"fnMap":{"1":{"name":"onlySequencer","line":24,"loc":{"start":{"line":24,"column":4},"end":{"line":27,"column":4}}},"2":{"name":"constructor","line":29,"loc":{"start":{"line":29,"column":4},"end":{"line":31,"column":4}}},"3":{"name":"commitBatch","line":37,"loc":{"start":{"line":33,"column":4},"end":{"line":46,"column":4}}},"4":{"name":"verifyTransaction","line":48,"loc":{"start":{"line":48,"column":4},"end":{"line":55,"column":4}}},"5":{"name":"_verifyMerkle","line":57,"loc":{"start":{"line":57,"column":4},"end":{"line":69,"column":4}}},"6":{"name":"getBatchCount","line":71,"loc":{"start":{"line":71,"column":4},"end":{"line":71,"column":86}}},"7":{"name":"setSequencer","line":73,"loc":{"start":{"line":73,"column":4},"end":{"line":76,"column":4}}}},"statementMap":{"1":{"start":{"line":25,"column":8},"end":{"line":25,"column":68}},"2":{"start":{"line":39,"column":8},"end":{"line":39,"column":1219}},"3":{"start":{"line":45,"column":8},"end":{"line":45,"column":57}},"4":{"start":{"line":53,"column":8},"end":{"line":53,"column":71}},"5":{"start":{"line":54,"column":8},"end":{"line":54,"column":72}},"6":{"start":{"line":62,"column":8},"end":{"line":62,"column":31}},"7":{"start":{"line":63,"column":8},"end":{"line":63,"column":1977}},"8":{"start":{"line":68,"column":8},"end":{"line":68,"column":31}},"9":{"start":{"line":71,"column":63},"end":{"line":71,"column":84}},"10":{"start":{"line":74,"column":8},"end":{"line":74,"column":62}}},"branchMap":{"1":{"line":25,"type":"if","locations":[{"start":{"line":25,"column":8},"end":{"line":25,"column":8}},{"start":{"line":25,"column":8},"end":{"line":25,"column":8}}]},"2":{"line":37,"type":"if","locations":[{"start":{"line":37,"column":15},"end":{"line":37,"column":15}},{"start":{"line":37,"column":15},"end":{"line":37,"column":15}}]},"3":{"line":53,"type":"if","locations":[{"start":{"line":53,"column":8},"end":{"line":53,"column":8}},{"start":{"line":53,"column":8},"end":{"line":53,"column":8}}]},"4":{"line":65,"type":"if","locations":[{"start":{"line":65,"column":18},"end":{"line":65,"column":64}},{"start":{"line":66,"column":18},"end":{"line":66,"column":64}}]},"5":{"line":73,"type":"if","locations":[{"start":{"line":73,"column":49},"end":{"line":73,"column":49}},{"start":{"line":73,"column":49},"end":{"line":73,"column":49}}]},"6":{"line":74,"type":"if","locations":[{"start":{"line":74,"column":8},"end":{"line":74,"column":8}},{"start":{"line":74,"column":8},"end":{"line":74,"column":8}}]}}},"contracts/mocks/MockERC20.sol":{"l":{"14":19,"18":0,"22":19},"path":"/Users/ducky08/Desktop/ecomBLC/payment-hub/packages/contracts/contracts/mocks/MockERC20.sol","s":{"1":0,"2":19},"b":{"1":[19,0]},"f":{"1":19,"2":0,"3":19},"fnMap":{"1":{"name":"constructor","line":12,"loc":{"start":{"line":10,"column":4},"end":{"line":15,"column":4}}},"2":{"name":"decimals","line":17,"loc":{"start":{"line":17,"column":4},"end":{"line":19,"column":4}}},"3":{"name":"mint","line":21,"loc":{"start":{"line":21,"column":4},"end":{"line":23,"column":4}}}},"statementMap":{"1":{"start":{"line":18,"column":8},"end":{"line":18,"column":19}},"2":{"start":{"line":22,"column":8},"end":{"line":22,"column":24}}},"branchMap":{"1":{"line":21,"type":"if","locations":[{"start":{"line":21,"column":55},"end":{"line":21,"column":55}},{"start":{"line":21,"column":55},"end":{"line":21,"column":55}}]}}},"contracts/modules/DisputeResolution.sol":{"l":{"82":8,"83":8,"84":12,"86":8,"87":8,"91":14,"92":14,"98":19,"99":19,"107":6,"108":6,"110":6,"125":6,"134":0,"135":0,"136":0,"137":0,"138":0,"143":4,"144":4,"145":4,"146":4,"147":4,"159":8,"160":8,"161":8,"162":8,"163":8,"164":8,"166":8,"168":8,"171":8,"174":8,"175":3,"177":1,"187":0,"188":0,"189":0,"190":0,"192":0,"193":0,"196":0,"197":0,"198":0,"199":0,"200":0,"202":0,"210":2,"211":2,"212":2,"213":2,"222":4,"223":4,"225":4,"227":0,"230":4,"231":4,"232":4,"238":2,"239":2,"240":2,"241":2,"242":2,"243":2,"249":0,"253":0},"path":"/Users/ducky08/Desktop/ecomBLC/payment-hub/packages/contracts/contracts/modules/DisputeResolution.sol","s":{"1":8,"2":8,"3":12,"4":8,"5":14,"6":6,"7":6,"8":6,"9":0,"10":0,"11":0,"12":0,"13":0,"14":4,"15":4,"16":4,"17":8,"18":8,"19":8,"20":8,"21":8,"22":8,"23":8,"24":8,"25":8,"26":3,"27":5,"28":1,"29":0,"30":0,"31":0,"32":0,"33":0,"34":0,"35":0,"36":2,"37":2,"38":2,"39":2,"40":4,"41":4,"42":0,"43":4,"44":2,"45":2,"46":2,"47":2,"48":0},"b":{"1":[8,4],"2":[8,0],"3":[14,0],"4":[6,0],"5":[6,0],"6":[0,0],"7":[0,0],"8":[0,0],"9":[4,0],"10":[4,0],"11":[4,0],"12":[8,0],"13":[8,0],"14":[8,0],"15":[8,0],"16":[8,0],"17":[8,0],"18":[6,2],"19":[8,0],"20":[6,2],"21":[3,5],"22":[1,4],"23":[0,0],"24":[0,0],"25":[0,0],"26":[0,0],"27":[0,0],"28":[0,0],"29":[2,0],"30":[2,0],"31":[2,0],"32":[0,4],"33":[2,0],"34":[0,0]},"f":{"1":8,"2":14,"3":19,"4":6,"5":0,"6":4,"7":8,"8":0,"9":2,"10":4,"11":2,"12":0,"13":0},"fnMap":{"1":{"name":"onlyArbiter","line":81,"loc":{"start":{"line":81,"column":4},"end":{"line":88,"column":4}}},"2":{"name":"disputeOpen","line":90,"loc":{"start":{"line":90,"column":4},"end":{"line":93,"column":4}}},"3":{"name":"constructor","line":97,"loc":{"start":{"line":97,"column":4},"end":{"line":100,"column":4}}},"4":{"name":"createDispute","line":106,"loc":{"start":{"line":106,"column":4},"end":{"line":126,"column":4}}},"5":{"name":"submitEvidence","line":132,"loc":{"start":{"line":130,"column":4},"end":{"line":139,"column":4}}},"6":{"name":"startVoting","line":142,"loc":{"start":{"line":142,"column":4},"end":{"line":148,"column":4}}},"7":{"name":"castVote","line":157,"loc":{"start":{"line":154,"column":4},"end":{"line":179,"column":4}}},"8":{"name":"appeal","line":186,"loc":{"start":{"line":186,"column":4},"end":{"line":203,"column":4}}},"9":{"name":"finalize","line":209,"loc":{"start":{"line":209,"column":4},"end":{"line":214,"column":4}}},"10":{"name":"_resolve","line":221,"loc":{"start":{"line":221,"column":4},"end":{"line":234,"column":4}}},"11":{"name":"_execute","line":237,"loc":{"start":{"line":237,"column":4},"end":{"line":244,"column":4}}},"12":{"name":"setEscrowManager","line":248,"loc":{"start":{"line":248,"column":4},"end":{"line":250,"column":4}}},"13":{"name":"getEvidenceCount","line":252,"loc":{"start":{"line":252,"column":4},"end":{"line":254,"column":4}}}},"statementMap":{"1":{"start":{"line":82,"column":8},"end":{"line":82,"column":26}},"2":{"start":{"line":83,"column":8},"end":{"line":83,"column":3226}},"3":{"start":{"line":84,"column":12},"end":{"line":84,"column":66}},"4":{"start":{"line":86,"column":8},"end":{"line":86,"column":48}},"5":{"start":{"line":91,"column":8},"end":{"line":91,"column":69}},"6":{"start":{"line":107,"column":8},"end":{"line":107,"column":84}},"7":{"start":{"line":108,"column":8},"end":{"line":108,"column":74}},"8":{"start":{"line":125,"column":8},"end":{"line":125,"column":46}},"9":{"start":{"line":134,"column":8},"end":{"line":134,"column":45}},"10":{"start":{"line":135,"column":8},"end":{"line":135,"column":78}},"11":{"start":{"line":136,"column":8},"end":{"line":136,"column":88}},"12":{"start":{"line":137,"column":8},"end":{"line":137,"column":45}},"13":{"start":{"line":138,"column":8},"end":{"line":138,"column":61}},"14":{"start":{"line":143,"column":8},"end":{"line":143,"column":45}},"15":{"start":{"line":144,"column":8},"end":{"line":144,"column":78}},"16":{"start":{"line":145,"column":8},"end":{"line":145,"column":91}},"17":{"start":{"line":159,"column":8},"end":{"line":159,"column":45}},"18":{"start":{"line":160,"column":8},"end":{"line":160,"column":78}},"19":{"start":{"line":161,"column":8},"end":{"line":161,"column":86}},"20":{"start":{"line":162,"column":8},"end":{"line":162,"column":99}},"21":{"start":{"line":163,"column":8},"end":{"line":163,"column":85}},"22":{"start":{"line":164,"column":8},"end":{"line":164,"column":75}},"23":{"start":{"line":168,"column":8},"end":{"line":168,"column":6657}},"24":{"start":{"line":171,"column":8},"end":{"line":171,"column":52}},"25":{"start":{"line":174,"column":8},"end":{"line":174,"column":6793}},"26":{"start":{"line":175,"column":12},"end":{"line":175,"column":79}},"27":{"start":{"line":176,"column":15},"end":{"line":176,"column":6913}},"28":{"start":{"line":177,"column":12},"end":{"line":177,"column":31}},"29":{"start":{"line":187,"column":8},"end":{"line":187,"column":45}},"30":{"start":{"line":188,"column":8},"end":{"line":188,"column":82}},"31":{"start":{"line":189,"column":8},"end":{"line":189,"column":71}},"32":{"start":{"line":190,"column":8},"end":{"line":190,"column":84}},"33":{"start":{"line":192,"column":8},"end":{"line":192,"column":86}},"34":{"start":{"line":193,"column":8},"end":{"line":193,"column":88}},"35":{"start":{"line":202,"column":8},"end":{"line":202,"column":37}},"36":{"start":{"line":210,"column":8},"end":{"line":210,"column":45}},"37":{"start":{"line":211,"column":8},"end":{"line":211,"column":73}},"38":{"start":{"line":212,"column":8},"end":{"line":212,"column":87}},"39":{"start":{"line":213,"column":8},"end":{"line":213,"column":24}},"40":{"start":{"line":222,"column":8},"end":{"line":222,"column":45}},"41":{"start":{"line":225,"column":8},"end":{"line":225,"column":8974}},"42":{"start":{"line":227,"column":12},"end":{"line":227,"column":28}},"43":{"start":{"line":232,"column":12},"end":{"line":232,"column":67}},"44":{"start":{"line":238,"column":8},"end":{"line":238,"column":45}},"45":{"start":{"line":239,"column":8},"end":{"line":239,"column":56}},"46":{"start":{"line":242,"column":8},"end":{"line":242,"column":71}},"47":{"start":{"line":243,"column":8},"end":{"line":243,"column":59}},"48":{"start":{"line":253,"column":8},"end":{"line":253,"column":45}}},"branchMap":{"1":{"line":84,"type":"if","locations":[{"start":{"line":84,"column":12},"end":{"line":84,"column":12}},{"start":{"line":84,"column":12},"end":{"line":84,"column":12}}]},"2":{"line":86,"type":"if","locations":[{"start":{"line":86,"column":8},"end":{"line":86,"column":8}},{"start":{"line":86,"column":8},"end":{"line":86,"column":8}}]},"3":{"line":91,"type":"if","locations":[{"start":{"line":91,"column":8},"end":{"line":91,"column":8}},{"start":{"line":91,"column":8},"end":{"line":91,"column":8}}]},"4":{"line":107,"type":"if","locations":[{"start":{"line":107,"column":8},"end":{"line":107,"column":8}},{"start":{"line":107,"column":8},"end":{"line":107,"column":8}}]},"5":{"line":108,"type":"if","locations":[{"start":{"line":108,"column":8},"end":{"line":108,"column":8}},{"start":{"line":108,"column":8},"end":{"line":108,"column":8}}]},"6":{"line":132,"type":"if","locations":[{"start":{"line":132,"column":8},"end":{"line":132,"column":8}},{"start":{"line":132,"column":8},"end":{"line":132,"column":8}}]},"7":{"line":135,"type":"if","locations":[{"start":{"line":135,"column":8},"end":{"line":135,"column":8}},{"start":{"line":135,"column":8},"end":{"line":135,"column":8}}]},"8":{"line":136,"type":"if","locations":[{"start":{"line":136,"column":8},"end":{"line":136,"column":8}},{"start":{"line":136,"column":8},"end":{"line":136,"column":8}}]},"9":{"line":142,"type":"if","locations":[{"start":{"line":142,"column":51},"end":{"line":142,"column":51}},{"start":{"line":142,"column":51},"end":{"line":142,"column":51}}]},"10":{"line":144,"type":"if","locations":[{"start":{"line":144,"column":8},"end":{"line":144,"column":8}},{"start":{"line":144,"column":8},"end":{"line":144,"column":8}}]},"11":{"line":145,"type":"if","locations":[{"start":{"line":145,"column":8},"end":{"line":145,"column":8}},{"start":{"line":145,"column":8},"end":{"line":145,"column":8}}]},"12":{"line":156,"type":"if","locations":[{"start":{"line":156,"column":8},"end":{"line":156,"column":8}},{"start":{"line":156,"column":8},"end":{"line":156,"column":8}}]},"13":{"line":157,"type":"if","locations":[{"start":{"line":157,"column":8},"end":{"line":157,"column":8}},{"start":{"line":157,"column":8},"end":{"line":157,"column":8}}]},"14":{"line":160,"type":"if","locations":[{"start":{"line":160,"column":8},"end":{"line":160,"column":8}},{"start":{"line":160,"column":8},"end":{"line":160,"column":8}}]},"15":{"line":161,"type":"if","locations":[{"start":{"line":161,"column":8},"end":{"line":161,"column":8}},{"start":{"line":161,"column":8},"end":{"line":161,"column":8}}]},"16":{"line":162,"type":"if","locations":[{"start":{"line":162,"column":8},"end":{"line":162,"column":8}},{"start":{"line":162,"column":8},"end":{"line":162,"column":8}}]},"17":{"line":163,"type":"if","locations":[{"start":{"line":163,"column":8},"end":{"line":163,"column":8}},{"start":{"line":163,"column":8},"end":{"line":163,"column":8}}]},"18":{"line":163,"type":"cond-expr","locations":[{"start":{"line":163,"column":16},"end":{"line":163,"column":24}},{"start":{"line":163,"column":29},"end":{"line":163,"column":37}}]},"19":{"line":164,"type":"if","locations":[{"start":{"line":164,"column":8},"end":{"line":164,"column":8}},{"start":{"line":164,"column":8},"end":{"line":164,"column":8}}]},"20":{"line":168,"type":"if","locations":[{"start":{"line":168,"column":8},"end":{"line":168,"column":8}},{"start":{"line":168,"column":8},"end":{"line":168,"column":8}}]},"21":{"line":174,"type":"if","locations":[{"start":{"line":174,"column":8},"end":{"line":174,"column":8}},{"start":{"line":174,"column":8},"end":{"line":174,"column":8}}]},"22":{"line":176,"type":"if","locations":[{"start":{"line":176,"column":15},"end":{"line":176,"column":15}},{"start":{"line":176,"column":15},"end":{"line":176,"column":15}}]},"23":{"line":186,"type":"if","locations":[{"start":{"line":186,"column":46},"end":{"line":186,"column":46}},{"start":{"line":186,"column":46},"end":{"line":186,"column":46}}]},"24":{"line":188,"type":"if","locations":[{"start":{"line":188,"column":8},"end":{"line":188,"column":8}},{"start":{"line":188,"column":8},"end":{"line":188,"column":8}}]},"25":{"line":189,"type":"if","locations":[{"start":{"line":189,"column":8},"end":{"line":189,"column":8}},{"start":{"line":189,"column":8},"end":{"line":189,"column":8}}]},"26":{"line":190,"type":"if","locations":[{"start":{"line":190,"column":8},"end":{"line":190,"column":8}},{"start":{"line":190,"column":8},"end":{"line":190,"column":8}}]},"27":{"line":193,"type":"if","locations":[{"start":{"line":193,"column":8},"end":{"line":193,"column":8}},{"start":{"line":193,"column":8},"end":{"line":193,"column":8}}]},"28":{"line":193,"type":"cond-expr","locations":[{"start":{"line":193,"column":16},"end":{"line":193,"column":37}},{"start":{"line":193,"column":42},"end":{"line":193,"column":63}}]},"29":{"line":209,"type":"if","locations":[{"start":{"line":209,"column":48},"end":{"line":209,"column":48}},{"start":{"line":209,"column":48},"end":{"line":209,"column":48}}]},"30":{"line":211,"type":"if","locations":[{"start":{"line":211,"column":8},"end":{"line":211,"column":8}},{"start":{"line":211,"column":8},"end":{"line":211,"column":8}}]},"31":{"line":212,"type":"if","locations":[{"start":{"line":212,"column":8},"end":{"line":212,"column":8}},{"start":{"line":212,"column":8},"end":{"line":212,"column":8}}]},"32":{"line":225,"type":"if","locations":[{"start":{"line":225,"column":8},"end":{"line":225,"column":8}},{"start":{"line":225,"column":8},"end":{"line":225,"column":8}}]},"33":{"line":239,"type":"if","locations":[{"start":{"line":239,"column":8},"end":{"line":239,"column":8}},{"start":{"line":239,"column":8},"end":{"line":239,"column":8}}]},"34":{"line":248,"type":"if","locations":[{"start":{"line":248,"column":52},"end":{"line":248,"column":52}},{"start":{"line":248,"column":52},"end":{"line":248,"column":52}}]}}},"contracts/oracle/LogisticsOracle.sol":{"l":{"30":15,"31":15,"32":21,"34":15,"35":15,"40":19,"41":19,"45":15,"46":14,"48":14,"49":14,"51":14,"53":14,"54":6,"55":6,"56":6,"63":0,"64":0,"68":0,"69":0},"path":"/Users/ducky08/Desktop/ecomBLC/payment-hub/packages/contracts/contracts/oracle/LogisticsOracle.sol","s":{"1":15,"2":15,"3":21,"4":15,"5":15,"6":14,"7":14,"8":14,"9":6,"10":6,"11":0,"12":0},"b":{"1":[15,6],"2":[15,0],"3":[15,0],"4":[14,1],"5":[14,0],"6":[6,8],"7":[0,0],"8":[0,0],"9":[0,0],"10":[0,0]},"f":{"1":15,"2":19,"3":15,"4":0,"5":0},"fnMap":{"1":{"name":"onlyProvider","line":29,"loc":{"start":{"line":29,"column":4},"end":{"line":36,"column":4}}},"2":{"name":"constructor","line":39,"loc":{"start":{"line":39,"column":4},"end":{"line":42,"column":4}}},"3":{"name":"confirmDelivery","line":44,"loc":{"start":{"line":44,"column":4},"end":{"line":58,"column":4}}},"4":{"name":"setEscrowManager","line":62,"loc":{"start":{"line":62,"column":4},"end":{"line":65,"column":4}}},"5":{"name":"setRequiredConsensus","line":67,"loc":{"start":{"line":67,"column":4},"end":{"line":70,"column":4}}}},"statementMap":{"1":{"start":{"line":30,"column":8},"end":{"line":30,"column":26}},"2":{"start":{"line":31,"column":8},"end":{"line":31,"column":1234}},"3":{"start":{"line":32,"column":12},"end":{"line":32,"column":67}},"4":{"start":{"line":34,"column":8},"end":{"line":34,"column":47}},"5":{"start":{"line":45,"column":8},"end":{"line":45,"column":84}},"6":{"start":{"line":46,"column":8},"end":{"line":46,"column":64}},"7":{"start":{"line":51,"column":8},"end":{"line":51,"column":65}},"8":{"start":{"line":53,"column":8},"end":{"line":53,"column":2104}},"9":{"start":{"line":55,"column":12},"end":{"line":55,"column":57}},"10":{"start":{"line":56,"column":12},"end":{"line":56,"column":59}},"11":{"start":{"line":63,"column":8},"end":{"line":63,"column":57}},"12":{"start":{"line":68,"column":8},"end":{"line":68,"column":60}}},"branchMap":{"1":{"line":32,"type":"if","locations":[{"start":{"line":32,"column":12},"end":{"line":32,"column":12}},{"start":{"line":32,"column":12},"end":{"line":32,"column":12}}]},"2":{"line":34,"type":"if","locations":[{"start":{"line":34,"column":8},"end":{"line":34,"column":8}},{"start":{"line":34,"column":8},"end":{"line":34,"column":8}}]},"3":{"line":44,"type":"if","locations":[{"start":{"line":44,"column":85},"end":{"line":44,"column":85}},{"start":{"line":44,"column":85},"end":{"line":44,"column":85}}]},"4":{"line":45,"type":"if","locations":[{"start":{"line":45,"column":8},"end":{"line":45,"column":8}},{"start":{"line":45,"column":8},"end":{"line":45,"column":8}}]},"5":{"line":46,"type":"if","locations":[{"start":{"line":46,"column":8},"end":{"line":46,"column":8}},{"start":{"line":46,"column":8},"end":{"line":46,"column":8}}]},"6":{"line":53,"type":"if","locations":[{"start":{"line":53,"column":8},"end":{"line":53,"column":8}},{"start":{"line":53,"column":8},"end":{"line":53,"column":8}}]},"7":{"line":62,"type":"if","locations":[{"start":{"line":62,"column":52},"end":{"line":62,"column":52}},{"start":{"line":62,"column":52},"end":{"line":62,"column":52}}]},"8":{"line":63,"type":"if","locations":[{"start":{"line":63,"column":8},"end":{"line":63,"column":8}},{"start":{"line":63,"column":8},"end":{"line":63,"column":8}}]},"9":{"line":67,"type":"if","locations":[{"start":{"line":67,"column":54},"end":{"line":67,"column":54}},{"start":{"line":67,"column":54},"end":{"line":67,"column":54}}]},"10":{"line":68,"type":"if","locations":[{"start":{"line":68,"column":8},"end":{"line":68,"column":8}},{"start":{"line":68,"column":8},"end":{"line":68,"column":8}}]}}}}